<?xml version="1.0" encoding="UTF-8" ?>
<testsuite tests="4" failures="1" name="test.com.itexps.ItexpsTest" time="0.227" errors="0" skipped="3">
  <properties>
[...]
</properties>
  <testcase classname="test.com.itexps.ItexpsTest" name="setUpMethod" time="0.227">
    <failure message="The driver executable does not exist: C:\Data\chromedrivernew.exe" type="java.lang.IllegalStateException">java.lang.IllegalStateException: The driver executable does not exist: C:\Data\chromedrivernew.exe
	at com.google.common.base.Preconditions.checkState(Preconditions.java:585)
	at org.openqa.selenium.remote.service.DriverService.checkExecutable(DriverService.java:146)
	at org.openqa.selenium.remote.service.DriverService.findExecutable(DriverService.java:141)
	at org.openqa.selenium.chrome.ChromeDriverService.access$000(ChromeDriverService.java:35)
	at org.openqa.selenium.chrome.ChromeDriverService$Builder.findDefaultExecutable(ChromeDriverService.java:159)
	at org.openqa.selenium.remote.service.DriverService$Builder.build(DriverService.java:355)
	at org.openqa.selenium.chrome.ChromeDriverService.createDefaultService(ChromeDriverService.java:94)
	at org.openqa.selenium.chrome.ChromeDriver.&lt;init&gt;(ChromeDriver.java:123)
	at test.com.itexps.ItexpsTest.setUpMethod(ItexpsTest.java:44)
</failure>
    <system-out>Configuring TestNG with: org.apache.maven.surefire.testng.conf.TestNG652Configurator@567d299b
</system-out>
  </testcase>
  <testcase classname="test.com.itexps.ItexpsTest" name="testItexps" time="0">
    <skipped/>
  </testcase>
  <testcase classname="test.com.itexps.ItexpsTest" name="tearDownMethod" time="0">
    <skipped/>
  </testcase>
  <testcase classname="test.com.itexps.ItexpsTest" name="tearDownClass" time="0">
    <skipped/>
  </testcase>
</testsuite>